【附件】曾佩仪提交的合作档口营业款付款申请 - CfZ3wE9ISQOVN_IYDpgJkA03401767956194_attachments.pdf 提交打印
【附件】余波提交的合作档口营业款付款申请 - dXBSaDIZTRqXJnAVs3epxQ03401768110554_attachments.pdf 提交打印
【附件】余波提交的合作档口营业款付款申请 - K-a1phqtQq6kup2g05nuUg03401768110733_attachments.pdf 提交打印
宋雪丽提交的开票申请 - 0Jq13vDDTWuE73hi-J6nuw03401768096356.pdf 提交打印
宋雪丽提交的开票申请 - dvNsgrLVSjeZHruJ--hZ6w03401768097189.pdf 提交打印
宋雪丽提交的开票申请 - E_aFLvCySf6kezjzkE12Zg03401768096884.pdf 提交打印
宋雪丽提交的开票申请 - FOkCGJZTT_6bTKm78pah2A03401768095690.pdf 提交打印
张丹丹提交的开票申请 - -MOdbGHLRIShW2g_7ZDH_w03401768102358.pdf 提交打印
宋雪丽提交的开票红冲申请 - bod0Ris8QNOXfZ65C03d0A03401768010107.pdf 提交打印
宋雪丽提交的开票申请 - GtSmEQrPSFes8E8nBlVKYA03401768097341.pdf 提交打印
【附件】王梅提交的合作档口营业款付款申请 - 9YKxfg4MSyKreUCnAXGNTg03401768184527_attachments.pdf 提交打印
【附件】徐海英提交的合作档口营业款付款申请 - 47AZH4tgSGSkqP45iCsVjA03401768192391_attachments.pdf 提交打印
【附件】杨柳提交的合作档口营业款付款申请 - jMv6oecpTaSQBoL2bsFzkg03401768038122_attachments.pdf 提交打印
张丹丹提交的开票申请 - VNHaxnIBQc29KZQMwuMjzg03401768187361.pdf 提交打印
吕学平提交的开票申请 - c7f59lwiRHKvi7mNtNK4wA03401768186944.pdf 提交打印
余波提交的开票申请 - gfUAacVtQae9c0yobwsisA03401768109244.pdf 提交打印
张丹丹提交的开票红冲申请 - p2CO7f0pQF2FOjeuIj_ErQ03401768183455.pdf 提交打印
夏炜钊提交的开票申请 - Sjbk0Rs8TsSTADejmfFzRg03401768185076.pdf 提交打印
夏炜钊提交的开票申请 - y2-VxpNUQ_i23yI-O74Cgg03401768185134.pdf 提交打印
吕浩提交的开票申请 - yh-65cohRnWnu7qVPXDMKQ03401767951755.pdf 提交打印
【附件】郑志杰提交的合作档口营业款付款申请 - 9_dxK1oTSYWtJ27Y_2FmMA03401768193682_attachments.pdf 提交打印
【附件】韩冬梅提交的合作档口营业款付款申请 - UGz0NwEJQhW55dYspj8fTg03401768204116_attachments.pdf 提交打印
【附件】简冬梅提交的合作档口营业款付款申请 - dzztsZBMR76rYfwK7bhJxw03401768202888_attachments.pdf 提交打印
【附件】何敏提交的合作档口营业款付款申请 - U2ZDz00AQyeOpmOI59JDZw03401768205944_attachments.pdf 提交打印
【附件】韩冬梅提交的合作档口营业款付款申请 - wJ-_x1jgR8eFnm73BQR1_w03401768204282_attachments.pdf 提交打印
【附件】肖世芳提交的合作档口营业款付款申请 - s26cKW5_QPuEAPH_H4ctPw03401768208593_attachments.pdf 提交打印
【附件】刘桂林提交的合作档口营业款付款申请 - 4Lhsjv6YR7-b_hXjUVZhRw03401768207165_attachments.pdf 提交打印
【表单】曾佩仪提交的合作档口营业款付款申请 - Lv9U_mBtTuuLiCixG-mRQQ03401767951348.pdf 提交打印
【表单】王春梅提交的合作档口营业款付款申请 - N5aTV0S8RCqkqQ-_KxlPeQ03401765962102.pdf 提交打印
【表单】刘廷明提交的合作档口营业款付款申请 - rFg8twGMStKNmgIT1wAqYg03401766651948.pdf 提交打印
【表单】徐海英提交的合作档口营业款付款申请 - 8maAYA5-To2j7QPp5U2Gkw03401767852033.pdf 提交打印
宋雪丽提交的开票申请 - HvuKvGdVSVOzC8s1XmgJ1A03401768217763.pdf 提交打印
宋雪丽提交的开票申请 - p8xKxkTMSb6l222KB2DdiQ03401768218558.pdf 提交打印
宋雪丽提交的开票申请 - uWrhfAjLR4STjJjuC428XQ03401768218374.pdf 提交打印
宋雪丽提交的开票申请 - vqE4JUIaQaW0i3PM-Fd5qQ03401768218155.pdf 提交打印
宋雪丽提交的开票申请 - yk2u1dmjQFmxs3RxDnxpaA03401768218726.pdf 提交打印
陈俊伟提交的开票申请 - qJWMDIkRRKmAWQEcTwsAAg03401768267584.pdf 提交打印
张丹丹提交的开票申请 - s5vMRIq-QrSA8jUVrM5j6Q03401768270306.pdf 提交打印
张丹丹提交的开票申请 - wopIptrjTUqvQnNe99_ajw03401768269887.pdf 提交打印
【附件】李艳红提交的合作档口营业款付款申请 - SrJ6TbbTRayOfyyyJWbGUQ03401768275720_attachments.pdf 提交打印
【附件】李艳红提交的合作档口营业款付款申请 - wJ8SirEgQOCu98bQbmTDjw03401768276144_attachments.pdf 提交打印
【附件】赵莹提交的合作档口营业款付款申请 - vW9y4r2rReur25xVYR0FUw03401768278167_attachments.pdf 提交打印
张婷婷提交的开票申请 - 7vfrxeb-STa7bpx8tdejNQ03401768279474.pdf 提交打印
何燕提交的开票申请 - sZ7XAmoqSMepiNnlec2Xng03401768287689.pdf 提交打印
【附件】洪佳宜提交的合作档口营业款付款申请 - qhWJiEaoSGitGBGp5SNJ0A03401768292596_attachments.pdf 提交打印
【附件】唐先丹提交的合作档口营业款付款申请 - sy00gybDRs2c0BCq-hJyXA03401768292942_attachments.pdf 提交打印
张婷婷提交的开票申请 - kt2KJHdPSVScSXhjuHuUUg03401768279658.pdf 提交打印
吕浩提交的开票申请 - QY66qqQAQtuHIla2qR5mzQ03401768293717.pdf 提交打印
俞柏凤提交的开票申请 - w4qEofhbTyWd2W5A_dz3vA03401768292260.pdf 提交打印
俞柏凤提交的开票申请 - XvRgCt5mRu6Udt8SVsJGZQ03401768292161.pdf 提交打印
【附件】王春梅提交的合作档口营业款付款申请 - ee-z6evQR_uzDyidpyU_BQ03401768293545_attachments.pdf 提交打印
【附件】张春兰提交的合作档口营业款付款申请 - Moanqc9lRfODJEsRAg6QKA03401768292999_attachments.pdf 提交打印
【附件】王春梅提交的合作档口营业款付款申请 - tjl_E7DcSh6dXXu2YpLBJQ03401768296641_attachments.pdf 提交打印
【附件】张春兰提交的合作档口营业款付款申请 - VkgA_LmwSkadfeardVTWXw03401768291478_attachments.pdf 提交打印
【附件】张春兰提交的合作档口营业款付款申请 - UKhmTb8xToGRs2csfdAhnA03401768294969_attachments.pdf 提交打印
【附件】伍凤珍提交的合作档口营业款付款申请 - jV1zngftQMKLSWSn_17MWg03401768299039_attachments.pdf 提交打印
【附件】刘廷明提交的合作档口营业款付款申请 - 9_ulqL1ASkqLHn9dqE94tw03401768274665_attachments.pdf 提交打印
崔秀眉提交的开票申请 - -uZCeh9FQOmfAa33749FVw03401768270499.pdf 提交打印
崔秀眉提交的开票红冲申请 - A5givJWJR82q71iqGyj6pA03401768270380.pdf 提交打印
宋雪丽提交的开票申请 - i5ddO2t-Qraa5cnost9NwA03401768300735.pdf 提交打印
崔秀眉提交的开票申请 - mjIeqWh1RtOSqcmzWbXSyQ03401768205624.pdf 提交打印
宋雪丽提交的开票申请 - SYTUfN14SwWny67mX26d0A03401768301298.pdf 提交打印
宋雪丽提交的开票申请 - tvorVAt8TtmY3yiN4DwgNg03401768301131.pdf 提交打印
宋雪丽提交的开票申请 - X_7xgjbDSDOXBBU6sfE6ug03401768303079.pdf 提交打印
金王霞提交的开票申请 - AhaDSn-1QNWQZ8HJQJgOJg03401768278589.pdf 提交打印
金王霞提交的开票申请 - d6NK-pASQYiDXDh14eHrIA03401768298852.pdf 提交打印
【附件】郑志杰提交的合作档口营业款付款申请 - X6Oi1yExTpWjGMD-puOo-w03401768355701_attachments.pdf 提交打印
【表单】陈文刚提交的合作档口营业款付款申请 - gdhPjWGTQZycs_N8WDlX6A03401765451029.pdf 提交打印
【表单】陈爱平提交的合作档口营业款付款申请 - jMYt0b1mSNetSbM5nQAzlw03401765781907.pdf 提交打印
【表单】张春兰提交的合作档口营业款付款申请 - Ppu8rEOPRlibMX3TCE_8SQ03401765532417.pdf 提交打印
【表单】李艳红提交的合作档口营业款付款申请 - SrJ6TbbTRayOfyyyJWbGUQ03401768275720.pdf 提交打印
【表单】张春兰提交的合作档口营业款付款申请 - tdna3wKmRCSzTK9l5NIMaw03401765533033.pdf 提交打印
许凤提交的开票申请 - VmtJTL7oRUiC512flk574Q03401768359327.pdf 提交打印
王涛提交的付款信息变更 - k0FEJUwKTrK_Cn5EdbgkCw03401768366029.pdf 提交打印
杨梦久提交的付款信息变更 - _kVtjbIgQzWGb8UPhKJJZg03401768354442.pdf 提交打印
【附件】何小清提交的合作档口营业款付款申请 - QgrXPaClQcKZBAsvUCOiZw03401768378823_attachments.pdf 提交打印
【附件】张继强提交的合作档口营业款付款申请 - d1gdO91rQ3K3S4nkYAMROQ03401768383635_attachments.pdf 提交打印
【表单】唐先丹提交的合作档口营业款付款申请 - rlZyO5iNR6G-vuOZSFCs_w03401767777523.pdf 提交打印
【表单】唐先丹提交的合作档口营业款付款申请 - sYtLT5TvQYeLg68NlbtubQ03401766804792.pdf 提交打印
【表单】吴燕提交的合作档口营业款付款申请 - xjcUsWyNTeGFZ9ZhTO3GVQ03401767510419.pdf 提交打印
方思艳提交的开票申请 - LgVBJuwVS7m3PAfQKG9Gpw03401768363135.pdf 提交打印
金王霞提交的开票申请 - pAfPvWQhST6ARtCikEWF6A03401768278519.pdf 提交打印
张继强提交的开票申请 - PDM6w5hNQNaLJ-SlUVnC0g03401768368361.pdf 提交打印
吕浩提交的开票红冲申请 - jzXeOropRqqi20DI9rAGNA03401768443488.pdf 提交打印
吕浩提交的开票申请 - m_d2ztEpS5WGXMAoK_t0UA03401768443140.pdf 提交打印
王洁林提交的开票申请 - P-zvCcLXQBSdXk4GmOAZ1Q03401768443053.pdf 提交打印
吕浩提交的开票申请 - zwmt6Q7RT1miLZa2JpoPTA03401768443189.pdf 提交打印
【附件】蔡源鑫提交的合作档口营业款付款申请 - f_b_7IHdRei9RGNwwtcw-g03401768445639_attachments.pdf 提交打印
